[0m00:41:33.257097 [debug] [MainThread]: Sending event: {'category': 'dbt', 'action': 'invocation', 'label': 'start', 'context': [<snowplow_tracker.self_describing_json.SelfDescribingJson object at 0x000001D5AEEFD600>, <snowplow_tracker.self_describing_json.SelfDescribingJson object at 0x000001D5AFFC0820>, <snowplow_tracker.self_describing_json.SelfDescribingJson object at 0x000001D5AFFC0610>]}


============================== 00:41:33.263963 | ddb0af12-caa3-4db6-98da-18662fdc3997 ==============================
[0m00:41:33.263963 [info ] [MainThread]: Running with dbt=1.10.4
[0m00:41:33.265003 [debug] [MainThread]: running dbt with arguments {'printer_width': '80', 'indirect_selection': 'eager', 'write_json': 'True', 'log_cache_events': 'False', 'partial_parse': 'True', 'cache_selected_only': 'False', 'profiles_dir': 'C:\\Users\\hp\\.dbt', 'debug': 'False', 'fail_fast': 'False', 'log_path': 'logs', 'warn_error': 'None', 'version_check': 'True', 'use_colors': 'True', 'use_experimental_parser': 'False', 'empty': 'None', 'quiet': 'False', 'no_print': 'None', 'warn_error_options': 'WarnErrorOptionsV2(error=[], warn=[], silence=[])', 'invocation_command': 'dbt init dbt_project', 'introspect': 'True', 'log_format': 'default', 'target_path': 'None', 'static_parser': 'True', 'send_anonymous_usage_stats': 'True'}
[0m00:41:33.292660 [info ] [MainThread]: Creating dbt configuration folder at C:\Users\hp\.dbt
[0m00:41:33.297730 [debug] [MainThread]: Starter project path: C:\Users\hp\Documents\Learning\Remote\10Academy\envX\lib\site-packages\dbt\include\starter_project
[0m00:41:33.370633 [info ] [MainThread]: 
Your new dbt project "dbt_project" was created!

For more information on how to configure the profiles.yml file,
please consult the dbt documentation here:

  https://docs.getdbt.com/docs/configure-your-profile

One more thing:

Need help? Don't hesitate to reach out to us via GitHub issues or on Slack:

  https://community.getdbt.com/

Happy modeling!

[0m00:41:33.370633 [info ] [MainThread]: Setting up your profile.
[0m00:43:31.305230 [info ] [MainThread]: Profile dbt_project written to C:\Users\hp\.dbt\profiles.yml using target's profile_template.yml and your supplied values. Run 'dbt debug' to validate the connection.
[0m00:43:31.307446 [debug] [MainThread]: Command `dbt init` succeeded at 00:43:31.307446 after 118.21 seconds
[0m00:43:31.307446 [debug] [MainThread]: Sending event: {'category': 'dbt', 'action': 'invocation', 'label': 'end', 'context': [<snowplow_tracker.self_describing_json.SelfDescribingJson object at 0x000001D5AEEFD600>, <snowplow_tracker.self_describing_json.SelfDescribingJson object at 0x000001D5AFFC05E0>, <snowplow_tracker.self_describing_json.SelfDescribingJson object at 0x000001D5AFFB3E20>]}
[0m00:43:31.307446 [debug] [MainThread]: Flushing usage events
[0m00:43:33.037496 [debug] [MainThread]: An error was encountered while trying to flush usage events
[0m01:12:57.783866 [debug] [MainThread]: Sending event: {'category': 'dbt', 'action': 'invocation', 'label': 'start', 'context': [<snowplow_tracker.self_describing_json.SelfDescribingJson object at 0x0000025C6A9CD690>, <snowplow_tracker.self_describing_json.SelfDescribingJson object at 0x0000025C6BA908B0>, <snowplow_tracker.self_describing_json.SelfDescribingJson object at 0x0000025C6BA906D0>]}


============================== 01:12:57.790751 | 100f7509-9a8c-444a-9d13-963bb9d01410 ==============================
[0m01:12:57.790751 [info ] [MainThread]: Running with dbt=1.10.4
[0m01:12:57.792334 [debug] [MainThread]: running dbt with arguments {'printer_width': '80', 'indirect_selection': 'eager', 'log_cache_events': 'False', 'write_json': 'True', 'partial_parse': 'True', 'cache_selected_only': 'False', 'warn_error': 'None', 'debug': 'False', 'profiles_dir': 'C:\\Users\\hp\\.dbt', 'log_path': 'logs', 'fail_fast': 'False', 'version_check': 'True', 'use_colors': 'True', 'use_experimental_parser': 'False', 'no_print': 'None', 'quiet': 'False', 'empty': 'None', 'warn_error_options': 'WarnErrorOptionsV2(error=[], warn=[], silence=[])', 'introspect': 'True', 'log_format': 'default', 'static_parser': 'True', 'target_path': 'None', 'invocation_command': 'dbt debug', 'send_anonymous_usage_stats': 'True'}
[0m01:12:57.819862 [info ] [MainThread]: dbt version: 1.10.4
[0m01:12:57.820936 [info ] [MainThread]: python version: 3.10.13
[0m01:12:57.821471 [info ] [MainThread]: python path: C:\Users\hp\Documents\Learning\Remote\10Academy\envX\Scripts\python.exe
[0m01:12:57.822006 [info ] [MainThread]: os info: Windows-10-10.0.26100-SP0
[0m01:12:57.895402 [info ] [MainThread]: Using profiles dir at C:\Users\hp\.dbt
[0m01:12:57.895402 [info ] [MainThread]: Using profiles.yml file at C:\Users\hp\.dbt\profiles.yml
[0m01:12:57.897408 [info ] [MainThread]: Using dbt_project.yml file at C:\Users\hp\Documents\Learning\Remote\10Academy\W7\dbt_project.yml
[0m01:12:57.898631 [info ] [MainThread]: adapter type: postgres
[0m01:12:57.898631 [info ] [MainThread]: adapter version: 1.9.0
[0m01:12:57.899924 [info ] [MainThread]: Configuration:
[0m01:12:57.899924 [info ] [MainThread]:   profiles.yml file [[32mOK found and valid[0m]
[0m01:12:57.899924 [info ] [MainThread]:   dbt_project.yml file [[31mERROR not found[0m]
[0m01:12:57.901676 [info ] [MainThread]: Required dependencies:
[0m01:12:57.902752 [debug] [MainThread]: Executing "git --help"
[0m01:12:57.931828 [debug] [MainThread]: STDOUT: "b"usage: git [-v | --version] [-h | --help] [-C <path>] [-c <name>=<value>]\n           [--exec-path[=<path>]] [--html-path] [--man-path] [--info-path]\n           [-p | --paginate | -P | --no-pager] [--no-replace-objects] [--bare]\n           [--git-dir=<path>] [--work-tree=<path>] [--namespace=<name>]\n           [--config-env=<name>=<envvar>] <command> [<args>]\n\nThese are common Git commands used in various situations:\n\nstart a working area (see also: git help tutorial)\n   clone     Clone a repository into a new directory\n   init      Create an empty Git repository or reinitialize an existing one\n\nwork on the current change (see also: git help everyday)\n   add       Add file contents to the index\n   mv        Move or rename a file, a directory, or a symlink\n   restore   Restore working tree files\n   rm        Remove files from the working tree and from the index\n\nexamine the history and state (see also: git help revisions)\n   bisect    Use binary search to find the commit that introduced a bug\n   diff      Show changes between commits, commit and working tree, etc\n   grep      Print lines matching a pattern\n   log       Show commit logs\n   show      Show various types of objects\n   status    Show the working tree status\n\ngrow, mark and tweak your common history\n   branch    List, create, or delete branches\n   commit    Record changes to the repository\n   merge     Join two or more development histories together\n   rebase    Reapply commits on top of another base tip\n   reset     Reset current HEAD to the specified state\n   switch    Switch branches\n   tag       Create, list, delete or verify a tag object signed with GPG\n\ncollaborate (see also: git help workflows)\n   fetch     Download objects and refs from another repository\n   pull      Fetch from and integrate with another repository or a local branch\n   push      Update remote refs along with associated objects\n\n'git help -a' and 'git help -g' list available subcommands and some\nconcept guides. See 'git help <command>' or 'git help <concept>'\nto read about a specific subcommand or concept.\nSee 'git help git' for an overview of the system.\n""
[0m01:12:57.931828 [debug] [MainThread]: STDERR: "b''"
[0m01:12:57.931828 [info ] [MainThread]:  - git [[32mOK found[0m]

[0m01:12:57.931828 [info ] [MainThread]: Connection:
[0m01:12:57.931828 [info ] [MainThread]:   host: localhost
[0m01:12:57.935678 [info ] [MainThread]:   port: 5432
[0m01:12:57.935678 [info ] [MainThread]:   user: postgres
[0m01:12:57.936763 [info ] [MainThread]:   database: telegram_data
[0m01:12:57.936763 [info ] [MainThread]:   schema: analytics
[0m01:12:57.938339 [info ] [MainThread]:   connect_timeout: 10
[0m01:12:57.938339 [info ] [MainThread]:   role: None
[0m01:12:57.938339 [info ] [MainThread]:   search_path: None
[0m01:12:57.940088 [info ] [MainThread]:   keepalives_idle: 0
[0m01:12:57.940088 [info ] [MainThread]:   sslmode: None
[0m01:12:57.941253 [info ] [MainThread]:   sslcert: None
[0m01:12:57.941253 [info ] [MainThread]:   sslkey: None
[0m01:12:57.942285 [info ] [MainThread]:   sslrootcert: None
[0m01:12:57.942285 [info ] [MainThread]:   application_name: dbt
[0m01:12:57.943541 [info ] [MainThread]:   retries: 1
[0m01:12:57.943541 [info ] [MainThread]: Registered adapter: postgres=1.9.0
[0m01:12:58.228392 [debug] [MainThread]: Acquiring new postgres connection 'debug'
[0m01:12:58.303596 [debug] [MainThread]: Using postgres connection "debug"
[0m01:12:58.303596 [debug] [MainThread]: On debug: select 1 as id
[0m01:12:58.303596 [debug] [MainThread]: Opening a new connection, currently in state init
[0m01:12:58.341530 [debug] [MainThread]: SQL status: SELECT 1 in 0.036 seconds
[0m01:12:58.343400 [debug] [MainThread]: On debug: Close
[0m01:12:58.343400 [info ] [MainThread]:   Connection test: [[32mOK connection ok[0m]

[0m01:12:58.343400 [info ] [MainThread]: [31m1 check failed:[0m
[0m01:12:58.345908 [info ] [MainThread]: Project loading failed for the following reason:
 project path <C:\Users\hp\Documents\Learning\Remote\10Academy\W7\dbt_project.yml> not found

[0m01:12:58.345908 [debug] [MainThread]: Command `dbt debug` failed at 01:12:58.345908 after 0.68 seconds
[0m01:12:58.348006 [debug] [MainThread]: Connection 'debug' was properly closed.
[0m01:12:58.348006 [debug] [MainThread]: Sending event: {'category': 'dbt', 'action': 'invocation', 'label': 'end', 'context': [<snowplow_tracker.self_describing_json.SelfDescribingJson object at 0x0000025C6A9CD690>, <snowplow_tracker.self_describing_json.SelfDescribingJson object at 0x0000025C6BBEF040>, <snowplow_tracker.self_describing_json.SelfDescribingJson object at 0x0000025C6BBECBB0>]}
[0m01:12:58.348006 [debug] [MainThread]: Flushing usage events
[0m01:12:59.893901 [debug] [MainThread]: An error was encountered while trying to flush usage events
